<?xml version="1.0" encoding="UTF-8"?>
<testsuite xmlns:xsi="http://www.w3.org/2001/XMLSchema-instance" xsi:noNamespaceSchemaLocation="https://maven.apache.org/surefire/maven-surefire-plugin/xsd/surefire-test-report-3.0.xsd" version="3.0" name="org.unisafe.pj.FigureUtilsTest" time="0.041" tests="2" errors="0" skipped="0" failures="0">
  <properties>
[...]
</properties>
  <testcase name="testCloseFigures" classname="org.unisafe.pj.FigureUtilsTest" time="0.023">
    <system-out><![CDATA[testCloseFigures прошел успешно
]]></system-out>
  </testcase>
  <testcase name="testSortFiguresBySize" classname="org.unisafe.pj.FigureUtilsTest" time="0.003">
    <system-out><![CDATA[testSortFiguresBySize прошел успешно
]]></system-out>
  </testcase>
</testsuite>